{"/Users/andela/Desktop/Andela/nodeproject/config.js": {"path":"/Users/andela/Desktop/Andela/nodeproject/config.js","statementMap":{"0":{"start":{"line":3,"column":0},"end":{"line":3,"column":16}},"1":{"start":{"line":5,"column":15},"end":{"line":16,"column":1}},"2":{"start":{"line":17,"column":22},"end":{"line":17,"column":50}}},"fnMap":{},"branchMap":{},"s":{"0":1,"1":1,"2":1},"f":{},"b":{},"_coverageSchema":"1a1c01bbd47fc00a2c39e90264f33305004495a9","hash":"14c292811987ebfcd8dda18273a9d5433e9b120c"}
,"/Users/andela/Desktop/Andela/nodeproject/__test__/general.js": {"path":"/Users/andela/Desktop/Andela/nodeproject/__test__/general.js","statementMap":{"0":{"start":{"line":2,"column":2},"end":{"line":2,"column":14}},"1":{"start":{"line":7,"column":2},"end":{"line":8,"column":49}},"2":{"start":{"line":7,"column":15},"end":{"line":7,"column":23}},"3":{"start":{"line":8,"column":7},"end":{"line":8,"column":49}},"4":{"start":{"line":9,"column":2},"end":{"line":10,"column":19}},"5":{"start":{"line":9,"column":13},"end":{"line":9,"column":27}},"6":{"start":{"line":10,"column":7},"end":{"line":10,"column":19}},"7":{"start":{"line":11,"column":2},"end":{"line":11,"column":15}}},"fnMap":{"0":{"name":"truth","decl":{"start":{"line":1,"column":9},"end":{"line":1,"column":14}},"loc":{"start":{"line":1,"column":17},"end":{"line":3,"column":1}},"line":1},"1":{"name":"power","decl":{"start":{"line":5,"column":9},"end":{"line":5,"column":14}},"loc":{"start":{"line":5,"column":27},"end":{"line":12,"column":1}},"line":5}},"branchMap":{"0":{"loc":{"start":{"line":7,"column":2},"end":{"line":8,"column":49}},"type":"if","locations":[{"start":{"line":7,"column":2},"end":{"line":8,"column":49}},{"start":{"line":8,"column":7},"end":{"line":8,"column":49}}],"line":7},"1":{"loc":{"start":{"line":9,"column":2},"end":{"line":10,"column":19}},"type":"if","locations":[{"start":{"line":9,"column":2},"end":{"line":10,"column":19}},{"start":{"line":10,"column":7},"end":{"line":10,"column":19}}],"line":9}},"s":{"0":1,"1":111,"2":5,"3":106,"4":111,"5":1,"6":110,"7":111},"f":{"0":1,"1":111},"b":{"0":[5,106],"1":[1,110]},"_coverageSchema":"1a1c01bbd47fc00a2c39e90264f33305004495a9","hash":"ef918c69b82734a75d9e7743c19c5d2ef8cb8874"}
,"/Users/andela/Desktop/Andela/nodeproject/src/index.js": {"path":"/Users/andela/Desktop/Andela/nodeproject/src/index.js","statementMap":{"0":{"start":{"line":5,"column":15},"end":{"line":5,"column":21}},"1":{"start":{"line":6,"column":12},"end":{"line":6,"column":21}},"2":{"start":{"line":8,"column":0},"end":{"line":8,"column":24}},"3":{"start":{"line":9,"column":0},"end":{"line":9,"column":20}},"4":{"start":{"line":11,"column":0},"end":{"line":11,"column":70}},"5":{"start":{"line":11,"column":23},"end":{"line":11,"column":68}}},"fnMap":{"0":{"name":"(anonymous_0)","decl":{"start":{"line":11,"column":17},"end":{"line":11,"column":18}},"loc":{"start":{"line":11,"column":23},"end":{"line":11,"column":68}},"line":11}},"branchMap":{},"s":{"0":1,"1":1,"2":1,"3":1,"4":1,"5":1},"f":{"0":1},"b":{},"_coverageSchema":"1a1c01bbd47fc00a2c39e90264f33305004495a9","hash":"33ca474c898cc28e8ff9560a7287570b645648ba"}
,"/Users/andela/Desktop/Andela/nodeproject/src/blogs/blog.controller.js": {"path":"/Users/andela/Desktop/Andela/nodeproject/src/blogs/blog.controller.js","statementMap":{"0":{"start":{"line":4,"column":0},"end":{"line":4,"column":16}},"1":{"start":{"line":6,"column":16},"end":{"line":6,"column":38}},"2":{"start":{"line":8,"column":12},"end":{"line":8,"column":14}},"3":{"start":{"line":10,"column":19},"end":{"line":19,"column":1}},"4":{"start":{"line":11,"column":15},"end":{"line":11,"column":23}},"5":{"start":{"line":12,"column":2},"end":{"line":18,"column":3}},"6":{"start":{"line":13,"column":4},"end":{"line":13,"column":78}},"7":{"start":{"line":15,"column":4},"end":{"line":15,"column":28}},"8":{"start":{"line":16,"column":4},"end":{"line":16,"column":21}},"9":{"start":{"line":17,"column":4},"end":{"line":17,"column":55}},"10":{"start":{"line":21,"column":19},"end":{"line":21,"column":27}}},"fnMap":{"0":{"name":"(anonymous_0)","decl":{"start":{"line":10,"column":19},"end":{"line":10,"column":20}},"loc":{"start":{"line":10,"column":33},"end":{"line":19,"column":1}},"line":10},"1":{"name":"(anonymous_1)","decl":{"start":{"line":21,"column":19},"end":{"line":21,"column":20}},"loc":{"start":{"line":21,"column":25},"end":{"line":21,"column":27}},"line":21}},"branchMap":{"0":{"loc":{"start":{"line":12,"column":2},"end":{"line":18,"column":3}},"type":"if","locations":[{"start":{"line":12,"column":2},"end":{"line":18,"column":3}},{"start":{"line":14,"column":9},"end":{"line":18,"column":3}}],"line":12}},"s":{"0":1,"1":1,"2":1,"3":1,"4":1,"5":1,"6":1,"7":0,"8":0,"9":0,"10":1},"f":{"0":1,"1":0},"b":{"0":[1,0]},"_coverageSchema":"1a1c01bbd47fc00a2c39e90264f33305004495a9","hash":"18fc0f5df42e402d20ac18296be3bbd29b46414a"}
,"/Users/andela/Desktop/Andela/nodeproject/src/users/controllers/user.controller.js": {"path":"/Users/andela/Desktop/Andela/nodeproject/src/users/controllers/user.controller.js","statementMap":{"0":{"start":{"line":8,"column":14},"end":{"line":8,"column":16}},"1":{"start":{"line":10,"column":21},"end":{"line":10,"column":27}},"2":{"start":{"line":12,"column":19},"end":{"line":19,"column":1}},"3":{"start":{"line":13,"column":15},"end":{"line":13,"column":16}},"4":{"start":{"line":14,"column":17},"end":{"line":14,"column":72}},"5":{"start":{"line":15,"column":2},"end":{"line":18,"column":4}},"6":{"start":{"line":16,"column":4},"end":{"line":16,"column":59}},"7":{"start":{"line":16,"column":30},"end":{"line":16,"column":59}},"8":{"start":{"line":17,"column":4},"end":{"line":17,"column":12}},"9":{"start":{"line":21,"column":0},"end":{"line":21,"column":13}},"10":{"start":{"line":23,"column":17},"end":{"line":23,"column":70}},"11":{"start":{"line":23,"column":31},"end":{"line":23,"column":70}},"12":{"start":{"line":25,"column":17},"end":{"line":25,"column":96}},"13":{"start":{"line":25,"column":31},"end":{"line":25,"column":96}},"14":{"start":{"line":27,"column":16},"end":{"line":52,"column":1}},"15":{"start":{"line":29,"column":15},"end":{"line":29,"column":23}},"16":{"start":{"line":30,"column":2},"end":{"line":30,"column":25}},"17":{"start":{"line":31,"column":2},"end":{"line":51,"column":4}},"18":{"start":{"line":32,"column":4},"end":{"line":49,"column":5}},"19":{"start":{"line":33,"column":6},"end":{"line":33,"column":23}},"20":{"start":{"line":34,"column":6},"end":{"line":34,"column":19}},"21":{"start":{"line":35,"column":6},"end":{"line":35,"column":48}},"22":{"start":{"line":37,"column":6},"end":{"line":37,"column":27}},"23":{"start":{"line":39,"column":19},"end":{"line":39,"column":46}},"24":{"start":{"line":40,"column":6},"end":{"line":45,"column":8}},"25":{"start":{"line":41,"column":8},"end":{"line":44,"column":9}},"26":{"start":{"line":41,"column":17},"end":{"line":41,"column":34}},"27":{"start":{"line":43,"column":10},"end":{"line":43,"column":23}},"28":{"start":{"line":46,"column":20},"end":{"line":46,"column":61}},"29":{"start":{"line":47,"column":6},"end":{"line":47,"column":18}},"30":{"start":{"line":48,"column":6},"end":{"line":48,"column":90}},"31":{"start":{"line":50,"column":4},"end":{"line":50,"column":44}},"32":{"start":{"line":54,"column":14},"end":{"line":76,"column":1}},"33":{"start":{"line":56,"column":15},"end":{"line":56,"column":23}},"34":{"start":{"line":57,"column":15},"end":{"line":57,"column":59}},"35":{"start":{"line":57,"column":34},"end":{"line":57,"column":58}},"36":{"start":{"line":58,"column":2},"end":{"line":58,"column":82}},"37":{"start":{"line":58,"column":12},"end":{"line":58,"column":82}},"38":{"start":{"line":59,"column":2},"end":{"line":75,"column":4}},"39":{"start":{"line":60,"column":4},"end":{"line":63,"column":5}},"40":{"start":{"line":61,"column":6},"end":{"line":61,"column":49}},"41":{"start":{"line":62,"column":6},"end":{"line":62,"column":19}},"42":{"start":{"line":64,"column":4},"end":{"line":73,"column":5}},"43":{"start":{"line":65,"column":20},"end":{"line":65,"column":61}},"44":{"start":{"line":66,"column":35},"end":{"line":66,"column":39}},"45":{"start":{"line":67,"column":6},"end":{"line":67,"column":76}},"46":{"start":{"line":68,"column":22},"end":{"line":68,"column":47}},"47":{"start":{"line":69,"column":6},"end":{"line":69,"column":19}},"48":{"start":{"line":71,"column":6},"end":{"line":71,"column":60}},"49":{"start":{"line":72,"column":6},"end":{"line":72,"column":19}},"50":{"start":{"line":74,"column":4},"end":{"line":74,"column":44}},"51":{"start":{"line":78,"column":16},"end":{"line":83,"column":1}},"52":{"start":{"line":79,"column":15},"end":{"line":79,"column":23}},"53":{"start":{"line":80,"column":2},"end":{"line":80,"column":25}},"54":{"start":{"line":81,"column":2},"end":{"line":81,"column":19}},"55":{"start":{"line":82,"column":2},"end":{"line":82,"column":70}},"56":{"start":{"line":85,"column":19},"end":{"line":91,"column":1}},"57":{"start":{"line":86,"column":13},"end":{"line":86,"column":26}},"58":{"start":{"line":87,"column":15},"end":{"line":87,"column":44}},"59":{"start":{"line":87,"column":33},"end":{"line":87,"column":43}},"60":{"start":{"line":88,"column":17},"end":{"line":88,"column":25}},"61":{"start":{"line":89,"column":2},"end":{"line":89,"column":30}},"62":{"start":{"line":90,"column":2},"end":{"line":90,"column":76}},"63":{"start":{"line":93,"column":19},"end":{"line":97,"column":1}},"64":{"start":{"line":94,"column":15},"end":{"line":94,"column":25}},"65":{"start":{"line":95,"column":2},"end":{"line":95,"column":22}},"66":{"start":{"line":96,"column":2},"end":{"line":96,"column":65}}},"fnMap":{"0":{"name":"(anonymous_0)","decl":{"start":{"line":12,"column":19},"end":{"line":12,"column":20}},"loc":{"start":{"line":12,"column":25},"end":{"line":19,"column":1}},"line":12},"1":{"name":"(anonymous_1)","decl":{"start":{"line":15,"column":20},"end":{"line":15,"column":21}},"loc":{"start":{"line":15,"column":30},"end":{"line":18,"column":3}},"line":15},"2":{"name":"(anonymous_2)","decl":{"start":{"line":23,"column":17},"end":{"line":23,"column":18}},"loc":{"start":{"line":23,"column":31},"end":{"line":23,"column":70}},"line":23},"3":{"name":"(anonymous_3)","decl":{"start":{"line":25,"column":17},"end":{"line":25,"column":18}},"loc":{"start":{"line":25,"column":31},"end":{"line":25,"column":96}},"line":25},"4":{"name":"(anonymous_4)","decl":{"start":{"line":27,"column":16},"end":{"line":27,"column":17}},"loc":{"start":{"line":27,"column":30},"end":{"line":52,"column":1}},"line":27},"5":{"name":"(anonymous_5)","decl":{"start":{"line":31,"column":33},"end":{"line":31,"column":34}},"loc":{"start":{"line":31,"column":48},"end":{"line":51,"column":3}},"line":31},"6":{"name":"(anonymous_6)","decl":{"start":{"line":40,"column":27},"end":{"line":40,"column":28}},"loc":{"start":{"line":40,"column":36},"end":{"line":45,"column":7}},"line":40},"7":{"name":"(anonymous_7)","decl":{"start":{"line":54,"column":14},"end":{"line":54,"column":15}},"loc":{"start":{"line":54,"column":28},"end":{"line":76,"column":1}},"line":54},"8":{"name":"(anonymous_8)","decl":{"start":{"line":57,"column":26},"end":{"line":57,"column":27}},"loc":{"start":{"line":57,"column":34},"end":{"line":57,"column":58}},"line":57},"9":{"name":"(anonymous_9)","decl":{"start":{"line":59,"column":47},"end":{"line":59,"column":48}},"loc":{"start":{"line":59,"column":66},"end":{"line":75,"column":3}},"line":59},"10":{"name":"(anonymous_10)","decl":{"start":{"line":78,"column":16},"end":{"line":78,"column":17}},"loc":{"start":{"line":78,"column":30},"end":{"line":83,"column":1}},"line":78},"11":{"name":"(anonymous_11)","decl":{"start":{"line":85,"column":19},"end":{"line":85,"column":20}},"loc":{"start":{"line":85,"column":33},"end":{"line":91,"column":1}},"line":85},"12":{"name":"(anonymous_12)","decl":{"start":{"line":87,"column":26},"end":{"line":87,"column":27}},"loc":{"start":{"line":87,"column":33},"end":{"line":87,"column":43}},"line":87},"13":{"name":"(anonymous_13)","decl":{"start":{"line":93,"column":19},"end":{"line":93,"column":20}},"loc":{"start":{"line":93,"column":33},"end":{"line":97,"column":1}},"line":93}},"branchMap":{"0":{"loc":{"start":{"line":16,"column":4},"end":{"line":16,"column":59}},"type":"if","locations":[{"start":{"line":16,"column":4},"end":{"line":16,"column":59}},{"start":{},"end":{}}],"line":16},"1":{"loc":{"start":{"line":32,"column":4},"end":{"line":49,"column":5}},"type":"if","locations":[{"start":{"line":32,"column":4},"end":{"line":49,"column":5}},{"start":{"line":36,"column":11},"end":{"line":49,"column":5}}],"line":32},"2":{"loc":{"start":{"line":41,"column":8},"end":{"line":44,"column":9}},"type":"if","locations":[{"start":{"line":41,"column":8},"end":{"line":44,"column":9}},{"start":{"line":42,"column":13},"end":{"line":44,"column":9}}],"line":41},"3":{"loc":{"start":{"line":58,"column":2},"end":{"line":58,"column":82}},"type":"if","locations":[{"start":{"line":58,"column":2},"end":{"line":58,"column":82}},{"start":{},"end":{}}],"line":58},"4":{"loc":{"start":{"line":60,"column":4},"end":{"line":63,"column":5}},"type":"if","locations":[{"start":{"line":60,"column":4},"end":{"line":63,"column":5}},{"start":{},"end":{}}],"line":60},"5":{"loc":{"start":{"line":64,"column":4},"end":{"line":73,"column":5}},"type":"if","locations":[{"start":{"line":64,"column":4},"end":{"line":73,"column":5}},{"start":{"line":70,"column":11},"end":{"line":73,"column":5}}],"line":64}},"s":{"0":1,"1":1,"2":1,"3":3,"4":3,"5":3,"6":3,"7":2,"8":3,"9":1,"10":1,"11":0,"12":1,"13":0,"14":1,"15":2,"16":2,"17":2,"18":2,"19":0,"20":0,"21":0,"22":2,"23":2,"24":2,"25":2,"26":0,"27":2,"28":2,"29":2,"30":2,"31":2,"32":1,"33":0,"34":0,"35":0,"36":0,"37":0,"38":0,"39":0,"40":0,"41":0,"42":0,"43":0,"44":0,"45":0,"46":0,"47":0,"48":0,"49":0,"50":0,"51":1,"52":0,"53":0,"54":0,"55":0,"56":1,"57":0,"58":0,"59":0,"60":0,"61":0,"62":0,"63":1,"64":0,"65":0,"66":0},"f":{"0":3,"1":3,"2":0,"3":0,"4":2,"5":2,"6":2,"7":0,"8":0,"9":0,"10":0,"11":0,"12":0,"13":0},"b":{"0":[2,1],"1":[0,2],"2":[0,2],"3":[0,0],"4":[0,0],"5":[0,0]},"_coverageSchema":"1a1c01bbd47fc00a2c39e90264f33305004495a9","hash":"74655113cfda101360ffa9342ab9c64970b6f8d9"}
,"/Users/andela/Desktop/Andela/nodeproject/src/users/middlewares/auth.js": {"path":"/Users/andela/Desktop/Andela/nodeproject/src/users/middlewares/auth.js","statementMap":{"0":{"start":{"line":5,"column":0},"end":{"line":5,"column":16}},"1":{"start":{"line":7,"column":17},"end":{"line":7,"column":23}},"2":{"start":{"line":10,"column":13},"end":{"line":18,"column":1}},"3":{"start":{"line":11,"column":16},"end":{"line":11,"column":55}},"4":{"start":{"line":12,"column":2},"end":{"line":14,"column":3}},"5":{"start":{"line":13,"column":4},"end":{"line":13,"column":69}},"6":{"start":{"line":15,"column":15},"end":{"line":15,"column":40}},"7":{"start":{"line":16,"column":2},"end":{"line":16,"column":18}},"8":{"start":{"line":17,"column":2},"end":{"line":17,"column":8}},"9":{"start":{"line":20,"column":19},"end":{"line":20,"column":27}}},"fnMap":{"0":{"name":"(anonymous_0)","decl":{"start":{"line":10,"column":13},"end":{"line":10,"column":14}},"loc":{"start":{"line":10,"column":33},"end":{"line":18,"column":1}},"line":10},"1":{"name":"(anonymous_1)","decl":{"start":{"line":20,"column":19},"end":{"line":20,"column":20}},"loc":{"start":{"line":20,"column":25},"end":{"line":20,"column":27}},"line":20}},"branchMap":{"0":{"loc":{"start":{"line":12,"column":2},"end":{"line":14,"column":3}},"type":"if","locations":[{"start":{"line":12,"column":2},"end":{"line":14,"column":3}},{"start":{},"end":{}}],"line":12}},"s":{"0":1,"1":1,"2":1,"3":2,"4":2,"5":1,"6":1,"7":1,"8":1,"9":1},"f":{"0":2,"1":0},"b":{"0":[1,1]},"_coverageSchema":"1a1c01bbd47fc00a2c39e90264f33305004495a9","hash":"04c47a423cb1c39584401e6bc29b1ac9436b6ff3"}
,"/Users/andela/Desktop/Andela/nodeproject/src/users/middlewares/signup.middlewares.js": {"path":"/Users/andela/Desktop/Andela/nodeproject/src/users/middlewares/signup.middlewares.js","statementMap":{"0":{"start":{"line":2,"column":24},"end":{"line":9,"column":1}},"1":{"start":{"line":3,"column":22},"end":{"line":3,"column":30}},"2":{"start":{"line":4,"column":2},"end":{"line":4,"column":55}},"3":{"start":{"line":4,"column":13},"end":{"line":4,"column":55}},"4":{"start":{"line":5,"column":2},"end":{"line":5,"column":53}},"5":{"start":{"line":5,"column":12},"end":{"line":5,"column":53}},"6":{"start":{"line":6,"column":2},"end":{"line":6,"column":68}},"7":{"start":{"line":6,"column":27},"end":{"line":6,"column":68}},"8":{"start":{"line":7,"column":2},"end":{"line":7,"column":115}},"9":{"start":{"line":7,"column":23},"end":{"line":7,"column":39}},"10":{"start":{"line":7,"column":42},"end":{"line":7,"column":115}},"11":{"start":{"line":8,"column":2},"end":{"line":8,"column":9}}},"fnMap":{"0":{"name":"(anonymous_0)","decl":{"start":{"line":2,"column":24},"end":{"line":2,"column":25}},"loc":{"start":{"line":2,"column":44},"end":{"line":9,"column":1}},"line":2},"1":{"name":"(anonymous_1)","decl":{"start":{"line":7,"column":16},"end":{"line":7,"column":17}},"loc":{"start":{"line":7,"column":23},"end":{"line":7,"column":39}},"line":7}},"branchMap":{"0":{"loc":{"start":{"line":4,"column":2},"end":{"line":4,"column":55}},"type":"if","locations":[{"start":{"line":4,"column":2},"end":{"line":4,"column":55}},{"start":{},"end":{}}],"line":4},"1":{"loc":{"start":{"line":5,"column":2},"end":{"line":5,"column":53}},"type":"if","locations":[{"start":{"line":5,"column":2},"end":{"line":5,"column":53}},{"start":{},"end":{}}],"line":5},"2":{"loc":{"start":{"line":6,"column":2},"end":{"line":6,"column":68}},"type":"if","locations":[{"start":{"line":6,"column":2},"end":{"line":6,"column":68}},{"start":{},"end":{}}],"line":6},"3":{"loc":{"start":{"line":7,"column":2},"end":{"line":7,"column":115}},"type":"if","locations":[{"start":{"line":7,"column":2},"end":{"line":7,"column":115}},{"start":{},"end":{}}],"line":7}},"s":{"0":1,"1":6,"2":6,"3":1,"4":5,"5":1,"6":4,"7":1,"8":3,"9":1,"10":1,"11":2},"f":{"0":6,"1":1},"b":{"0":[1,5],"1":[1,4],"2":[1,3],"3":[1,2]},"_coverageSchema":"1a1c01bbd47fc00a2c39e90264f33305004495a9","hash":"1b66ad359740213e9d8e792df117f4d14d335901"}
,"/Users/andela/Desktop/Andela/nodeproject/src/users/routes/user.routes.js": {"path":"/Users/andela/Desktop/Andela/nodeproject/src/users/routes/user.routes.js","statementMap":{"0":{"start":{"line":7,"column":15},"end":{"line":7,"column":31}},"1":{"start":{"line":9,"column":0},"end":{"line":9,"column":26}},"2":{"start":{"line":11,"column":0},"end":{"line":11,"column":31}},"3":{"start":{"line":13,"column":0},"end":{"line":13,"column":39}},"4":{"start":{"line":15,"column":0},"end":{"line":15,"column":29}},"5":{"start":{"line":17,"column":0},"end":{"line":17,"column":40}},"6":{"start":{"line":19,"column":0},"end":{"line":19,"column":34}},"7":{"start":{"line":21,"column":0},"end":{"line":21,"column":39}},"8":{"start":{"line":23,"column":0},"end":{"line":23,"column":40}}},"fnMap":{},"branchMap":{},"s":{"0":1,"1":1,"2":1,"3":1,"4":1,"5":1,"6":1,"7":1,"8":1},"f":{},"b":{},"_coverageSchema":"1a1c01bbd47fc00a2c39e90264f33305004495a9","hash":"97b4374358b44bb977a3cdde4e7faedf86ed6f15"}
}
