TN:
SF:config.js
FNF:0
FNH:0
DA:3,1
DA:5,1
DA:17,1
LF:3
LH:3
BRF:0
BRH:0
end_of_record
TN:
SF:__test__/general.js
FN:1,truth
FN:5,power
FNF:2
FNH:2
FNDA:1,truth
FNDA:111,power
DA:2,1
DA:7,111
DA:8,106
DA:9,111
DA:10,110
DA:11,111
LF:6
LH:6
BRDA:7,0,0,5
BRDA:7,0,1,106
BRDA:9,1,0,1
BRDA:9,1,1,110
BRF:4
BRH:4
end_of_record
TN:
SF:src/index.js
FN:11,(anonymous_0)
FNF:1
FNH:1
FNDA:1,(anonymous_0)
DA:5,1
DA:6,1
DA:8,1
DA:9,1
DA:11,1
LF:5
LH:5
BRF:0
BRH:0
end_of_record
TN:
SF:src/blogs/blog.controller.js
FN:10,(anonymous_0)
FN:21,(anonymous_1)
FNF:2
FNH:1
FNDA:1,(anonymous_0)
FNDA:0,(anonymous_1)
DA:4,1
DA:6,1
DA:8,1
DA:10,1
DA:11,1
DA:12,1
DA:13,1
DA:15,0
DA:16,0
DA:17,0
DA:21,1
LF:11
LH:8
BRDA:12,0,0,1
BRDA:12,0,1,0
BRF:2
BRH:1
end_of_record
TN:
SF:src/users/controllers/user.controller.js
FN:12,(anonymous_0)
FN:15,(anonymous_1)
FN:23,(anonymous_2)
FN:25,(anonymous_3)
FN:27,(anonymous_4)
FN:31,(anonymous_5)
FN:40,(anonymous_6)
FN:54,(anonymous_7)
FN:57,(anonymous_8)
FN:59,(anonymous_9)
FN:78,(anonymous_10)
FN:85,(anonymous_11)
FN:87,(anonymous_12)
FN:93,(anonymous_13)
FNF:14
FNH:5
FNDA:3,(anonymous_0)
FNDA:3,(anonymous_1)
FNDA:0,(anonymous_2)
FNDA:0,(anonymous_3)
FNDA:2,(anonymous_4)
FNDA:2,(anonymous_5)
FNDA:2,(anonymous_6)
FNDA:0,(anonymous_7)
FNDA:0,(anonymous_8)
FNDA:0,(anonymous_9)
FNDA:0,(anonymous_10)
FNDA:0,(anonymous_11)
FNDA:0,(anonymous_12)
FNDA:0,(anonymous_13)
DA:8,1
DA:10,1
DA:12,1
DA:13,3
DA:14,3
DA:15,3
DA:16,3
DA:17,3
DA:21,1
DA:23,1
DA:25,1
DA:27,1
DA:29,2
DA:30,2
DA:31,2
DA:32,2
DA:33,0
DA:34,0
DA:35,0
DA:37,2
DA:39,2
DA:40,2
DA:41,2
DA:43,2
DA:46,2
DA:47,2
DA:48,2
DA:50,2
DA:54,1
DA:56,0
DA:57,0
DA:58,0
DA:59,0
DA:60,0
DA:61,0
DA:62,0
DA:64,0
DA:65,0
DA:66,0
DA:67,0
DA:68,0
DA:69,0
DA:71,0
DA:72,0
DA:74,0
DA:78,1
DA:79,0
DA:80,0
DA:81,0
DA:82,0
DA:85,1
DA:86,0
DA:87,0
DA:88,0
DA:89,0
DA:90,0
DA:93,1
DA:94,0
DA:95,0
DA:96,0
LF:60
LH:29
BRDA:16,0,0,2
BRDA:16,0,1,1
BRDA:32,1,0,0
BRDA:32,1,1,2
BRDA:41,2,0,0
BRDA:41,2,1,2
BRDA:58,3,0,0
BRDA:58,3,1,0
BRDA:60,4,0,0
BRDA:60,4,1,0
BRDA:64,5,0,0
BRDA:64,5,1,0
BRF:12
BRH:4
end_of_record
TN:
SF:src/users/middlewares/auth.js
FN:10,(anonymous_0)
FN:20,(anonymous_1)
FNF:2
FNH:1
FNDA:2,(anonymous_0)
FNDA:0,(anonymous_1)
DA:5,1
DA:7,1
DA:10,1
DA:11,2
DA:12,2
DA:13,1
DA:15,1
DA:16,1
DA:17,1
DA:20,1
LF:10
LH:10
BRDA:12,0,0,1
BRDA:12,0,1,1
BRF:2
BRH:2
end_of_record
TN:
SF:src/users/middlewares/signup.middlewares.js
FN:2,(anonymous_0)
FN:7,(anonymous_1)
FNF:2
FNH:2
FNDA:6,(anonymous_0)
FNDA:1,(anonymous_1)
DA:2,1
DA:3,6
DA:4,6
DA:5,5
DA:6,4
DA:7,3
DA:8,2
LF:7
LH:7
BRDA:4,0,0,1
BRDA:4,0,1,5
BRDA:5,1,0,1
BRDA:5,1,1,4
BRDA:6,2,0,1
BRDA:6,2,1,3
BRDA:7,3,0,1
BRDA:7,3,1,2
BRF:8
BRH:8
end_of_record
TN:
SF:src/users/routes/user.routes.js
FNF:0
FNH:0
DA:7,1
DA:9,1
DA:11,1
DA:13,1
DA:15,1
DA:17,1
DA:19,1
DA:21,1
DA:23,1
LF:9
LH:9
BRF:0
BRH:0
end_of_record
